<?xml version="1.0" encoding="UTF-8"?>
<testng-results ignored="0" total="0" passed="0" failed="0" skipped="0">
  <reporter-output>
  </reporter-output>
  <suite started-at="2023-01-23T19:28:53 PKT" name="TestCases.Test_Login_OrangeHR" finished-at="2023-01-23T19:29:05 PKT" duration-ms="11441">
    <groups>
    </groups>
    <test started-at="2023-01-23T19:28:53 PKT" name="Command line test" finished-at="2023-01-23T19:29:05 PKT" duration-ms="11441">
      <class name="TestCases.Test_Login_OrangeHR">
        <test-method is-config="true" signature="setup()[pri:0, instance:TestCases.Test_Login_OrangeHR@662ac478]" started-at="2023-01-23T19:28:53 PKT" name="setup" finished-at="2023-01-23T19:29:05 PKT" duration-ms="11382" status="PASS">
          <reporter-output>
          </reporter-output>
        </test-method> <!-- setup -->
      </class> <!-- TestCases.Test_Login_OrangeHR -->
    </test> <!-- Command line test -->
  </suite> <!-- TestCases.Test_Login_OrangeHR -->
</testng-results>
