<?xml version="1.0" encoding="UTF-8"?>
<testng-results ignored="0" total="1" passed="1" failed="0" skipped="0">
  <reporter-output>
  </reporter-output>
  <suite started-at="2023-01-29T03:17:10 GMT" name="Default suite" finished-at="2023-01-29T03:17:15 GMT" duration-ms="5186">
    <groups>
    </groups>
    <test started-at="2023-01-29T03:17:10 GMT" name="Default test" finished-at="2023-01-29T03:17:15 GMT" duration-ms="5186">
      <class name="TestCases.Test_SampleTasks">
        <test-method is-config="true" signature="setup()[pri:0, instance:TestCases.Test_SampleTasks@6eda5c9]" started-at="2023-01-29T03:17:10 GMT" name="setup" finished-at="2023-01-29T03:17:14 GMT" duration-ms="3985" status="PASS">
          <reporter-output>
          </reporter-output>
        </test-method> <!-- setup -->
        <test-method signature="intVal()[pri:0, instance:TestCases.Test_SampleTasks@6eda5c9]" started-at="2023-01-29T03:17:14 GMT" name="intVal" finished-at="2023-01-29T03:17:14 GMT" duration-ms="783" status="PASS">
          <reporter-output>
          </reporter-output>
        </test-method> <!-- intVal -->
        <test-method is-config="true" signature="teardown()[pri:0, instance:TestCases.Test_SampleTasks@6eda5c9]" started-at="2023-01-29T03:17:14 GMT" name="teardown" finished-at="2023-01-29T03:17:15 GMT" duration-ms="356" status="PASS">
          <reporter-output>
          </reporter-output>
        </test-method> <!-- teardown -->
      </class> <!-- TestCases.Test_SampleTasks -->
    </test> <!-- Default test -->
  </suite> <!-- Default suite -->
</testng-results>
